[INFO ] 2022-11-29 21:42:42.578 [main] RWC001 - Opened Browser
[INFO ] 2022-11-29 21:42:55.827 [main] RWC001 - ****************************** Login to the application  *****************************************
[INFO ] 2022-11-29 21:42:56.267 [main] RWC001 - *** Enter Username ***
[INFO ] 2022-11-29 21:42:56.671 [main] RWC001 - *** Enter Password ***
[INFO ] 2022-11-29 21:42:58.927 [main] RWC001 - *** Click Login ***
[INFO ] 2022-11-29 21:43:12.122 [main] RWC001 - *** Click IRP ***
[INFO ] 2022-11-29 21:43:13.676 [main] RWC001 - *** Click RenewFleet ***
[INFO ] 2022-11-29 21:43:14.333 [main] RWC001 - *** Enter Account Number ***
[INFO ] 2022-11-29 21:43:14.755 [main] RWC001 - *** Enter FleetNo ***
[INFO ] 2022-11-29 21:43:15.150 [main] RWC001 - *** Click FleetYear ***
[INFO ] 2022-11-29 21:43:19.082 [main] RWC001 - IRPFLT143 : [W] Fleet information [USDOT No., TPID] in the system does not match with the MCE information.
[INFO ] 2022-11-29 21:43:28.201 [main] RWC001 - *** Check Email Notification ***
[INFO ] 2022-11-29 21:43:29.540 [main] RWC001 - *** Enter Comments ***
[INFO ] 2022-11-29 21:43:55.845 [main] RWC001 - GEN1292 : [I] USDOT No. has been updated based on the MCE information.
[INFO ] 2022-11-29 21:43:56.030 [main] RWC001 - Message in Fleet Screen IRPACC00 : [I] Renewal account has been generated.
[INFO ] 2022-11-29 21:43:56.339 [main] RWC001 - *** navigateToServiceProvider ***
[INFO ] 2022-11-29 21:43:56.709 [main] RWC001 - *** Click PowerofAttroney ***
[INFO ] 2022-11-29 21:43:57.256 [main] RWC001 - *** Entering the Emailid ***
[INFO ] 2022-11-29 21:43:57.524 [main] RWC001 - Date is retrieved
[INFO ] 2022-11-29 21:43:57.576 [main] RWC001 - *** Selecting the Expiration Date ***
[INFO ] 2022-11-29 21:43:58.013 [main] RWC001 - *** Selecting the IRPRequirementForm ***
[INFO ] 2022-11-29 21:43:58.420 [main] RWC001 - *** Selecting StatementofUnderstanding ***
[INFO ] 2022-11-29 21:43:58.753 [main] RWC001 - *** Selecting InstallmentAgreement ***
[INFO ] 2022-11-29 21:43:59.095 [main] RWC001 - *** Selecting PowerOfAttroney ***
[INFO ] 2022-11-29 21:43:59.412 [main] RWC001 - *** Selecting HVUTForm ***
[INFO ] 2022-11-29 21:43:59.752 [main] RWC001 - *** Selecting PropertyTax ***
[INFO ] 2022-11-29 21:44:01.094 [main] RWC001 - *** Enter Comments ***
[INFO ] 2022-11-29 21:44:55.372 [main] RWC001 - IRPFLT01 : [I] Renewal fleet has been generated.
[INFO ] 2022-11-29 21:44:55.428 [main] RWC001 - Message in Distance ScreenIRPFLT01 : [I] Renewal fleet has been generated.
[INFO ] 2022-11-29 21:44:55.767 [main] RWC001 - Message in Distance ScreenIRPFLT01 : [I] Renewal fleet has been generated.
[INFO ] 2022-11-29 21:44:56.884 [main] RWC001 - *** Enter Comments ***
[INFO ] 2022-11-29 21:45:07.517 [main] RWC001 - Weight Group headervaluesWEIGHT GROUP NO.
[INFO ] 2022-11-29 21:45:07.517 [main] RWC001 - Weight Group RowDatavalues1
[INFO ] 2022-11-29 21:45:07.578 [main] RWC001 - Weight Group headervaluesWEIGHT GROUP TYPE
[INFO ] 2022-11-29 21:45:07.578 [main] RWC001 - Weight Group RowDatavaluesP - POWER UNIT
[INFO ] 2022-11-29 21:45:07.617 [main] RWC001 - Weight Group headervaluesBASE JURISDICTION WEIGHT
[INFO ] 2022-11-29 21:45:07.617 [main] RWC001 - Weight Group RowDatavalues80000
[INFO ] 2022-11-29 21:45:07.663 [main] RWC001 - Weight Group headervaluesMAX GROSS WEIGHT
[INFO ] 2022-11-29 21:45:07.663 [main] RWC001 - Weight Group RowDatavalues80000
[INFO ] 2022-11-29 21:45:07.732 [main] RWC001 - Weight Group headervalues
[INFO ] 2022-11-29 21:45:07.733 [main] RWC001 - Weight Group RowDatavalues
[INFO ] 2022-11-29 21:45:07.777 [main] RWC001 - Weight Group headervaluesWEIGHT GROUP NO.
[INFO ] 2022-11-29 21:45:07.777 [main] RWC001 - Weight Group RowDatavalues2
[INFO ] 2022-11-29 21:45:07.841 [main] RWC001 - Weight Group headervaluesWEIGHT GROUP TYPE
[INFO ] 2022-11-29 21:45:07.841 [main] RWC001 - Weight Group RowDatavaluesP - POWER UNIT
[INFO ] 2022-11-29 21:45:07.914 [main] RWC001 - Weight Group headervaluesBASE JURISDICTION WEIGHT
[INFO ] 2022-11-29 21:45:07.914 [main] RWC001 - Weight Group RowDatavalues66000
[INFO ] 2022-11-29 21:45:07.971 [main] RWC001 - Weight Group headervaluesMAX GROSS WEIGHT
[INFO ] 2022-11-29 21:45:07.971 [main] RWC001 - Weight Group RowDatavalues66000
[INFO ] 2022-11-29 21:45:08.027 [main] RWC001 - Weight Group headervaluesJUR WITH DIFFERENT WEIGHTS
[INFO ] 2022-11-29 21:45:08.027 [main] RWC001 - Weight Group RowDatavalues
[INFO ] 2022-11-29 21:45:08.158 [main] RWC001 - IRPMLG13 : [I] Renewal Distance has been generated.
[INFO ] 2022-11-29 21:45:08.213 [main] RWC001 - Message in Weight Group ScreenIRPMLG13 : [I] Renewal Distance has been generated.
[INFO ] 2022-11-29 21:45:11.875 [main] RWC001 - *** Click AddweightGroup ***
[INFO ] 2022-11-29 21:45:12.289 [main] RWC001 - *** Select WeightGroupType ***
[INFO ] 2022-11-29 21:45:12.779 [main] RWC001 - *** Enter WeightGroup No ***
[INFO ] 2022-11-29 21:45:13.085 [main] RWC001 - *** Select MaxGross Weight ***
