[INFO ] 2022-11-29 22:24:02.663 [main] RWC001 - Opened Browser
[INFO ] 2022-11-29 22:24:21.035 [main] RWC001 - ****************************** Login to the application  *****************************************
[INFO ] 2022-11-29 22:24:21.608 [main] RWC001 - *** Enter Username ***
[INFO ] 2022-11-29 22:24:22.101 [main] RWC001 - *** Enter Password ***
[INFO ] 2022-11-29 22:24:24.605 [main] RWC001 - *** Click Login ***
[INFO ] 2022-11-29 22:25:13.677 [main] RWC001 - *** Click IRP ***
[INFO ] 2022-11-29 22:25:15.568 [main] RWC001 - *** Click RenewFleet ***
[INFO ] 2022-11-29 22:25:16.493 [main] RWC001 - *** Enter Account Number ***
[INFO ] 2022-11-29 22:25:16.902 [main] RWC001 - *** Enter FleetNo ***
[INFO ] 2022-11-29 22:25:17.310 [main] RWC001 - *** Click FleetYear ***
[INFO ] 2022-11-29 22:25:21.809 [main] RWC001 - IRPFLT143 : [W] Fleet information [USDOT No., TPID] in the system does not match with the MCE information.
[INFO ] 2022-11-29 22:25:32.800 [main] RWC001 - *** Check Email Notification ***
[INFO ] 2022-11-29 22:25:34.285 [main] RWC001 - *** Enter Comments ***
[INFO ] 2022-11-29 22:26:05.265 [main] RWC001 - GEN1292 : [I] USDOT No. has been updated based on the MCE information.
[INFO ] 2022-11-29 22:26:05.448 [main] RWC001 - Message in Fleet Screen IRPACC00 : [I] Renewal account has been generated.
[INFO ] 2022-11-29 22:26:05.782 [main] RWC001 - *** navigateToServiceProvider ***
[INFO ] 2022-11-29 22:26:06.180 [main] RWC001 - *** Click PowerofAttroney ***
[INFO ] 2022-11-29 22:26:06.770 [main] RWC001 - *** Entering the Emailid ***
[INFO ] 2022-11-29 22:26:07.027 [main] RWC001 - Date is retrieved
[INFO ] 2022-11-29 22:26:07.099 [main] RWC001 - *** Selecting the Expiration Date ***
[INFO ] 2022-11-29 22:26:07.532 [main] RWC001 - *** Selecting the IRPRequirementForm ***
[INFO ] 2022-11-29 22:26:07.940 [main] RWC001 - *** Selecting StatementofUnderstanding ***
[INFO ] 2022-11-29 22:26:08.312 [main] RWC001 - *** Selecting InstallmentAgreement ***
[INFO ] 2022-11-29 22:26:08.652 [main] RWC001 - *** Selecting PowerOfAttroney ***
[INFO ] 2022-11-29 22:26:08.991 [main] RWC001 - *** Selecting HVUTForm ***
[INFO ] 2022-11-29 22:26:09.357 [main] RWC001 - *** Selecting PropertyTax ***
[INFO ] 2022-11-29 22:26:10.796 [main] RWC001 - *** Enter Comments ***
[INFO ] 2022-11-29 22:27:22.686 [main] RWC001 - IRPFLT01 : [I] Renewal fleet has been generated.
[INFO ] 2022-11-29 22:27:22.753 [main] RWC001 - Message in Distance ScreenIRPFLT01 : [I] Renewal fleet has been generated.
[INFO ] 2022-11-29 22:27:23.131 [main] RWC001 - Message in Distance ScreenIRPFLT01 : [I] Renewal fleet has been generated.
[INFO ] 2022-11-29 22:27:24.423 [main] RWC001 - *** Enter Comments ***
[INFO ] 2022-11-29 22:27:37.448 [main] RWC001 - Weight Group headervaluesWEIGHT GROUP NO.
[INFO ] 2022-11-29 22:27:37.448 [main] RWC001 - Weight Group RowDatavalues1
[INFO ] 2022-11-29 22:27:37.536 [main] RWC001 - Weight Group headervaluesWEIGHT GROUP TYPE
[INFO ] 2022-11-29 22:27:37.536 [main] RWC001 - Weight Group RowDatavaluesP - POWER UNIT
[INFO ] 2022-11-29 22:27:37.601 [main] RWC001 - Weight Group headervaluesBASE JURISDICTION WEIGHT
[INFO ] 2022-11-29 22:27:37.601 [main] RWC001 - Weight Group RowDatavalues80000
[INFO ] 2022-11-29 22:27:37.697 [main] RWC001 - Weight Group headervaluesMAX GROSS WEIGHT
[INFO ] 2022-11-29 22:27:37.697 [main] RWC001 - Weight Group RowDatavalues80000
[INFO ] 2022-11-29 22:27:37.753 [main] RWC001 - Weight Group headervalues
[INFO ] 2022-11-29 22:27:37.753 [main] RWC001 - Weight Group RowDatavalues
[INFO ] 2022-11-29 22:27:37.826 [main] RWC001 - Weight Group headervaluesWEIGHT GROUP NO.
[INFO ] 2022-11-29 22:27:37.826 [main] RWC001 - Weight Group RowDatavalues2
[INFO ] 2022-11-29 22:27:37.906 [main] RWC001 - Weight Group headervaluesWEIGHT GROUP TYPE
[INFO ] 2022-11-29 22:27:37.906 [main] RWC001 - Weight Group RowDatavaluesP - POWER UNIT
[INFO ] 2022-11-29 22:27:37.978 [main] RWC001 - Weight Group headervaluesBASE JURISDICTION WEIGHT
[INFO ] 2022-11-29 22:27:37.978 [main] RWC001 - Weight Group RowDatavalues66000
[INFO ] 2022-11-29 22:27:38.058 [main] RWC001 - Weight Group headervaluesMAX GROSS WEIGHT
[INFO ] 2022-11-29 22:27:38.058 [main] RWC001 - Weight Group RowDatavalues66000
[INFO ] 2022-11-29 22:27:38.126 [main] RWC001 - Weight Group headervaluesJUR WITH DIFFERENT WEIGHTS
[INFO ] 2022-11-29 22:27:38.126 [main] RWC001 - Weight Group RowDatavalues
[INFO ] 2022-11-29 22:27:38.267 [main] RWC001 - IRPMLG13 : [I] Renewal Distance has been generated.
[INFO ] 2022-11-29 22:27:38.335 [main] RWC001 - Message in Weight Group ScreenIRPMLG13 : [I] Renewal Distance has been generated.
[INFO ] 2022-11-29 22:27:40.982 [main] RWC001 - *** Click AddweightGroup ***
[INFO ] 2022-11-29 22:27:42.017 [main] RWC001 - *** Select WeightGroupType ***
[INFO ] 2022-11-29 22:27:42.458 [main] RWC001 - *** Enter WeightGroup No ***
[INFO ] 2022-11-29 22:27:42.783 [main] RWC001 - *** Select MaxGross Weight ***
[INFO ] 2022-11-29 22:28:09.624 [main] RWC001 - Number of Vehicles to be Amended is greater than zero Hence about to click the Amend Vehicle Radio Button
[INFO ] 2022-11-29 22:28:09.746 [main] RWC001 - *** Click AmendVehicle RadioButton ***
[INFO ] 2022-11-29 22:28:15.050 [main] RWC001 - IRPVEH375 : [I] Please search the VIN first to process a vehicle.
[INFO ] 2022-11-29 22:28:15.216 [main] RWC001 - Message in Amend Vehicle ScreenIRPVEH375 : [I] Please search the VIN first to process a vehicle.
[INFO ] 2022-11-29 22:28:15.675 [main] RWC001 - *** Enter Unit number ***
[INFO ] 2022-11-29 22:28:20.660 [main] RWC001 - *** Enter WeightGroupNo ***
[INFO ] 2022-11-29 22:28:26.040 [main] RWC001 - Message in Amend Vehicle Screennull
[INFO ] 2022-11-29 22:28:26.341 [main] RWC001 - *** Enter UnladenWeight ***
[INFO ] 2022-11-29 22:28:27.618 [main] RWC001 - *** Click TVR ***
[INFO ] 2022-11-29 22:28:28.015 [main] RWC001 - *** Select Safety Changedd ***
[INFO ] 2022-11-29 22:28:28.354 [main] RWC001 - *** Select HVUTForm2290 ***
[INFO ] 2022-11-29 22:28:28.735 [main] RWC001 - *** Select LeaseContract ***
[INFO ] 2022-11-29 22:28:29.084 [main] RWC001 - *** Select TitleDocument ***
[INFO ] 2022-11-29 22:28:29.499 [main] RWC001 - *** Select PlateReturndoc ***
[INFO ] 2022-11-29 22:28:29.889 [main] RWC001 - *** Select AffidavitDoc ***
[INFO ] 2022-11-29 22:28:30.204 [main] RWC001 - *** Select PropertyTax ***
[INFO ] 2022-11-29 22:28:31.558 [main] RWC001 - *** Enter Comments ***
[INFO ] 2022-11-29 22:28:44.372 [main] RWC001 - Message in Amend Vehicle Screen IRPVEH004 : [I] Vehicle amended successfully.
[INFO ] 2022-11-29 22:28:44.827 [main] RWC001 - *** Enter Unit number ***
[INFO ] 2022-11-29 22:28:49.951 [main] RWC001 - *** Enter WeightGroupNo ***
[INFO ] 2022-11-29 22:28:55.296 [main] RWC001 - Message in Amend Vehicle Screennull
[INFO ] 2022-11-29 22:28:55.581 [main] RWC001 - *** Enter UnladenWeight ***
[INFO ] 2022-11-29 22:28:57.022 [main] RWC001 - *** Click TVR ***
[INFO ] 2022-11-29 22:28:57.446 [main] RWC001 - *** Select Safety Changedd ***
[INFO ] 2022-11-29 22:28:57.764 [main] RWC001 - *** Select HVUTForm2290 ***
[INFO ] 2022-11-29 22:28:58.118 [main] RWC001 - *** Select LeaseContract ***
[INFO ] 2022-11-29 22:28:58.467 [main] RWC001 - *** Select TitleDocument ***
[INFO ] 2022-11-29 22:28:58.867 [main] RWC001 - *** Select PlateReturndoc ***
[INFO ] 2022-11-29 22:28:59.285 [main] RWC001 - *** Select AffidavitDoc ***
[INFO ] 2022-11-29 22:28:59.639 [main] RWC001 - *** Select PropertyTax ***
[INFO ] 2022-11-29 22:29:01.123 [main] RWC001 - *** Enter Comments ***
[INFO ] 2022-11-29 22:29:15.497 [main] RWC001 - Message in Amend Vehicle Screen IRPVEH004 : [I] Vehicle amended successfully.
[INFO ] 2022-11-29 22:29:18.698 [main] RWC001 - IRPVEH450 : [W] Unit(s) [636, 656] have no plate assigned. If you continue a new plate will be assigned or select 'Update from Previous Year' button or amend the vehicle and check 'Use Existing Plate' option to not issue a new plate.
[INFO ] 2022-11-29 22:29:19.063 [main] RWC001 - IRPVEH450 : [W] Unit(s) [636, 656] have no plate assigned. If you continue a new plate will be assigned or select 'Update from Previous Year' button or amend the vehicle and check 'Use Existing Plate' option to not issue a new plate.
[INFO ] 2022-11-29 22:29:19.280 [main] RWC001 - Number of Vehicles to be Amended is greater than zero Hence about to click the Vehicle List
[INFO ] 2022-11-29 22:29:20.887 [main] RWC001 - *** Click VehicleList ***
[INFO ] 2022-11-29 22:29:21.456 [main] RWC001 - Cancelling the recently Amended Vehicle636
[INFO ] 2022-11-29 22:29:21.725 [main] RWC001 - *** Select Unit No ***
[INFO ] 2022-11-29 22:29:23.513 [main] RWC001 - *** Search Unit No ***
[INFO ] 2022-11-29 22:29:50.935 [main] RWC001 - Screen is in Vehicle Renewal Entry Screen
[INFO ] 2022-11-29 22:30:04.966 [main] RWC001 - IRPVEH450 : [W] Unit(s) [636, 656] have no plate assigned. If you continue a new plate will be assigned or select 'Update from Previous Year' button or amend the vehicle and check 'Use Existing Plate' option to not issue a new plate.
[INFO ] 2022-11-29 22:30:05.388 [main] RWC001 - *** Click TVR ***
[INFO ] 2022-11-29 22:30:05.791 [main] RWC001 - *** Installment Plan Check Box Status ***false
[INFO ] 2022-11-29 22:30:05.879 [main] RWC001 - *** Click Installement Plan ***
[INFO ] 2022-11-29 22:30:06.185 [main] RWC001 - *** Select Electronic DeliveryType ***
[INFO ] 2022-11-29 22:30:17.093 [main] RWC001 - *** Installment Plan Check Box Status ***true
[INFO ] 2022-11-29 22:30:17.362 [main] RWC001 - *** Enter ManualAdjBaseJur ***
[INFO ] 2022-11-29 22:30:20.857 [main] RWC001 - *** Click Recalculate ***
[INFO ] 2022-11-29 22:30:21.328 [main] RWC001 - Message in Biling ScreenIRPBILL09 : [E] Manual adj. reason is required.
[INFO ] 2022-11-29 22:30:22.556 [main] RWC001 - *** Enter ManualAdjReason Comments ***
[INFO ] 2022-11-29 22:30:27.060 [main] RWC001 - IRPBILL79 : [E] Please do recalculation.
[INFO ] 2022-11-29 22:30:27.151 [main] RWC001 - Late Filing Penalty Amount is Greater than zero - true
[ERROR] 2022-11-29 22:30:27.151 [main] RWC001 - Error in ReadExcelUtiljava.lang.NullPointerException: Cannot invoke "java.lang.Integer.intValue()" because the return value of "java.util.Map.get(Object)" is null
[INFO ] 2022-11-29 22:30:27.213 [main] RWC001 - Late pay Penalty Amount is Greater than zero - true
[INFO ] 2022-11-29 22:30:27.364 [main] RWC001 - *** Waived off for Grade Crossing Fee   with Reason O - Other ***
[INFO ] 2022-11-29 22:30:29.651 [main] RWC001 - *** Click Recalculate ***
[INFO ] 2022-11-29 22:30:30.033 [main] RWC001 - IRPBILL08 : [E] Fee Override reason required.
[INFO ] 2022-11-29 22:30:30.885 [main] RWC001 - *** Enter FeeOverrideReason Comments ***
