[INFO ] 2022-11-29 19:48:58.000 [main] RWC001 - Opened Browser
[INFO ] 2022-11-29 19:48:58.613 [main] RWC001 - Testing Purpose Working Fine
[INFO ] 2022-11-29 19:49:19.913 [main] RWC001 - ****************************** Login to the application  *****************************************
[INFO ] 2022-11-29 19:49:20.775 [main] RWC001 - *** Enter Username ***
[INFO ] 2022-11-29 19:49:21.453 [main] RWC001 - *** Enter Password ***
[INFO ] 2022-11-29 19:49:24.206 [main] RWC001 - *** Click Login ***
[INFO ] 2022-11-29 19:50:01.687 [main] RWC001 - *** Click IRP ***
[INFO ] 2022-11-29 19:50:03.225 [main] RWC001 - *** Click RenewFleet ***
[INFO ] 2022-11-29 19:50:03.894 [main] RWC001 - *** Enter Account Number ***
[INFO ] 2022-11-29 19:50:04.257 [main] RWC001 - *** Enter FleetNo ***
[INFO ] 2022-11-29 19:50:04.589 [main] RWC001 - *** Click FleetYear ***
[INFO ] 2022-11-29 19:50:08.748 [main] RWC001 - IRPFLT143 : [W] Fleet information [USDOT No., TPID] in the system does not match with the MCE information.
[INFO ] 2022-11-29 19:50:08.975 [main] RWC001 - Testing writeexcel
[INFO ] 2022-11-29 19:50:09.341 [main] RWC001 - Testing writeexcel
[INFO ] 2022-11-29 19:50:09.550 [main] RWC001 - Testing writeexcel
[INFO ] 2022-11-29 19:50:09.726 [main] RWC001 - Testing writeexcel
[INFO ] 2022-11-29 19:50:09.918 [main] RWC001 - Testing writeexcel
[INFO ] 2022-11-29 19:50:10.155 [main] RWC001 - Testing writeexcel
[INFO ] 2022-11-29 19:50:10.408 [main] RWC001 - Testing writeexcel
[INFO ] 2022-11-29 19:50:10.886 [main] RWC001 - Testing writeexcel
[INFO ] 2022-11-29 19:50:11.129 [main] RWC001 - Testing writeexcel
[INFO ] 2022-11-29 19:50:11.355 [main] RWC001 - Testing writeexcel
[INFO ] 2022-11-29 19:50:11.585 [main] RWC001 - Testing writeexcel
[INFO ] 2022-11-29 19:50:11.956 [main] RWC001 - Testing writeexcel
[INFO ] 2022-11-29 19:50:12.188 [main] RWC001 - Testing writeexcel
[INFO ] 2022-11-29 19:50:12.695 [main] RWC001 - Testing writeexcel
[INFO ] 2022-11-29 19:50:12.941 [main] RWC001 - Testing writeexcel
[INFO ] 2022-11-29 19:50:13.162 [main] RWC001 - Testing writeexcel
[INFO ] 2022-11-29 19:50:13.398 [main] RWC001 - Testing writeexcel
[INFO ] 2022-11-29 19:50:13.573 [main] RWC001 - Testing writeexcel
[INFO ] 2022-11-29 19:50:13.728 [main] RWC001 - Testing writeexcel
[INFO ] 2022-11-29 19:50:13.873 [main] RWC001 - Testing writeexcel
[INFO ] 2022-11-29 19:50:14.005 [main] RWC001 - Testing writeexcel
[INFO ] 2022-11-29 19:50:14.131 [main] RWC001 - Testing writeexcel
[INFO ] 2022-11-29 19:50:14.288 [main] RWC001 - Testing writeexcel
[INFO ] 2022-11-29 19:50:14.435 [main] RWC001 - Testing writeexcel
[INFO ] 2022-11-29 19:50:14.599 [main] RWC001 - Testing writeexcel
[INFO ] 2022-11-29 19:50:14.762 [main] RWC001 - Testing writeexcel
[INFO ] 2022-11-29 19:50:14.904 [main] RWC001 - Testing writeexcel
