[INFO ] 2022-11-30 14:05:56.875 [main] RWC001 - Opened Browser
[INFO ] 2022-11-30 14:06:04.251 [main] RWC001 - ****************************** Login to the application  *****************************************
[INFO ] 2022-11-30 14:06:04.664 [main] RWC001 - *** Enter Username ***
[INFO ] 2022-11-30 14:06:05.026 [main] RWC001 - *** Enter Password ***
[INFO ] 2022-11-30 14:06:07.341 [main] RWC001 - *** Click Login ***
[INFO ] 2022-11-30 14:06:31.498 [main] RWC001 - *** Click IRP ***
[INFO ] 2022-11-30 14:06:33.043 [main] RWC001 - *** Click RenewFleet ***
[INFO ] 2022-11-30 14:06:33.665 [main] RWC001 - *** Enter Account Number ***
[INFO ] 2022-11-30 14:06:34.054 [main] RWC001 - *** Enter FleetNo ***
[INFO ] 2022-11-30 14:06:34.441 [main] RWC001 - *** Click FleetYear ***
[INFO ] 2022-11-30 14:06:37.528 [main] RWC001 - IRPFLT143 : [W] Fleet information [USDOT No., TPID] in the system does not match with the MCE information.
[INFO ] 2022-11-30 14:06:45.631 [main] RWC001 - *** Check Email Notification ***
[INFO ] 2022-11-30 14:06:46.873 [main] RWC001 - *** Enter Comments ***
[INFO ] 2022-11-30 14:07:10.177 [main] RWC001 - GEN1292 : [I] USDOT No. has been updated based on the MCE information.
[INFO ] 2022-11-30 14:07:10.338 [main] RWC001 - Message in Fleet Screen IRPACC00 : [I] Renewal account has been generated.
[INFO ] 2022-11-30 14:07:10.615 [main] RWC001 - *** navigateToServiceProvider ***
[INFO ] 2022-11-30 14:07:10.972 [main] RWC001 - *** Click PowerofAttroney ***
[INFO ] 2022-11-30 14:07:11.426 [main] RWC001 - *** Entering the Emailid ***
[INFO ] 2022-11-30 14:07:11.666 [main] RWC001 - Date is retrieved
[INFO ] 2022-11-30 14:07:11.721 [main] RWC001 - *** Selecting the Expiration Date ***
[INFO ] 2022-11-30 14:07:12.091 [main] RWC001 - *** Selecting the IRPRequirementForm ***
[INFO ] 2022-11-30 14:07:12.416 [main] RWC001 - *** Selecting StatementofUnderstanding ***
[INFO ] 2022-11-30 14:07:12.685 [main] RWC001 - *** Selecting InstallmentAgreement ***
[INFO ] 2022-11-30 14:07:12.975 [main] RWC001 - *** Selecting PowerOfAttroney ***
[INFO ] 2022-11-30 14:07:13.273 [main] RWC001 - *** Selecting HVUTForm ***
[INFO ] 2022-11-30 14:07:13.580 [main] RWC001 - *** Selecting PropertyTax ***
[INFO ] 2022-11-30 14:07:14.825 [main] RWC001 - *** Enter Comments ***
[INFO ] 2022-11-30 14:08:04.745 [main] RWC001 - IRPFLT01 : [I] Renewal fleet has been generated.
[INFO ] 2022-11-30 14:08:04.792 [main] RWC001 - Message in Distance ScreenIRPFLT01 : [I] Renewal fleet has been generated.
[INFO ] 2022-11-30 14:08:05.084 [main] RWC001 - Message in Distance ScreenIRPFLT01 : [I] Renewal fleet has been generated.
[INFO ] 2022-11-30 14:08:06.095 [main] RWC001 - *** Enter Comments ***
[INFO ] 2022-11-30 14:08:18.779 [main] RWC001 - Weight Group headervaluesWEIGHT GROUP NO.
[INFO ] 2022-11-30 14:08:18.779 [main] RWC001 - Weight Group RowDatavalues1
[INFO ] 2022-11-30 14:08:18.826 [main] RWC001 - Weight Group headervaluesWEIGHT GROUP TYPE
[INFO ] 2022-11-30 14:08:18.826 [main] RWC001 - Weight Group RowDatavaluesP - POWER UNIT
[INFO ] 2022-11-30 14:08:18.873 [main] RWC001 - Weight Group headervaluesBASE JURISDICTION WEIGHT
[INFO ] 2022-11-30 14:08:18.873 [main] RWC001 - Weight Group RowDatavalues80000
[INFO ] 2022-11-30 14:08:18.905 [main] RWC001 - Weight Group headervaluesMAX GROSS WEIGHT
[INFO ] 2022-11-30 14:08:18.905 [main] RWC001 - Weight Group RowDatavalues80000
[INFO ] 2022-11-30 14:08:18.954 [main] RWC001 - Weight Group headervalues
[INFO ] 2022-11-30 14:08:18.954 [main] RWC001 - Weight Group RowDatavalues
[INFO ] 2022-11-30 14:08:18.985 [main] RWC001 - Weight Group headervaluesWEIGHT GROUP NO.
[INFO ] 2022-11-30 14:08:18.985 [main] RWC001 - Weight Group RowDatavalues2
[INFO ] 2022-11-30 14:08:19.016 [main] RWC001 - Weight Group headervaluesWEIGHT GROUP TYPE
[INFO ] 2022-11-30 14:08:19.016 [main] RWC001 - Weight Group RowDatavaluesP - POWER UNIT
[INFO ] 2022-11-30 14:08:19.064 [main] RWC001 - Weight Group headervaluesBASE JURISDICTION WEIGHT
[INFO ] 2022-11-30 14:08:19.064 [main] RWC001 - Weight Group RowDatavalues66000
[INFO ] 2022-11-30 14:08:19.096 [main] RWC001 - Weight Group headervaluesMAX GROSS WEIGHT
[INFO ] 2022-11-30 14:08:19.096 [main] RWC001 - Weight Group RowDatavalues66000
[INFO ] 2022-11-30 14:08:19.127 [main] RWC001 - Weight Group headervaluesJUR WITH DIFFERENT WEIGHTS
[INFO ] 2022-11-30 14:08:19.127 [main] RWC001 - Weight Group RowDatavalues
[INFO ] 2022-11-30 14:08:19.247 [main] RWC001 - IRPMLG13 : [I] Renewal Distance has been generated.
[INFO ] 2022-11-30 14:08:19.278 [main] RWC001 - Message in Weight Group ScreenIRPMLG13 : [I] Renewal Distance has been generated.
[INFO ] 2022-11-30 14:08:22.139 [main] RWC001 - *** Click AddweightGroup ***
[INFO ] 2022-11-30 14:08:22.521 [main] RWC001 - *** Select WeightGroupType ***
[INFO ] 2022-11-30 14:08:22.963 [main] RWC001 - *** Enter WeightGroup No ***
[INFO ] 2022-11-30 14:08:23.258 [main] RWC001 - *** Select MaxGross Weight ***
[INFO ] 2022-11-30 14:08:44.805 [main] RWC001 - Number of Vehicles to be Amended is greater than zero Hence about to click the Amend Vehicle Radio Button
[INFO ] 2022-11-30 14:08:44.902 [main] RWC001 - *** Click AmendVehicle RadioButton ***
[INFO ] 2022-11-30 14:08:48.838 [main] RWC001 - IRPVEH375 : [I] Please search the VIN first to process a vehicle.
[INFO ] 2022-11-30 14:08:48.935 [main] RWC001 - Message in Amend Vehicle ScreenIRPVEH375 : [I] Please search the VIN first to process a vehicle.
[INFO ] 2022-11-30 14:08:49.306 [main] RWC001 - *** Enter Unit number ***
[INFO ] 2022-11-30 14:08:54.543 [main] RWC001 - *** Enter WeightGroupNo ***
[INFO ] 2022-11-30 14:08:59.848 [main] RWC001 - Message in Amend Vehicle Screennull
[INFO ] 2022-11-30 14:09:00.070 [main] RWC001 - *** Enter UnladenWeight ***
[INFO ] 2022-11-30 14:09:01.138 [main] RWC001 - *** Click TVR ***
[INFO ] 2022-11-30 14:09:01.448 [main] RWC001 - *** Select Safety Changedd ***
[INFO ] 2022-11-30 14:09:01.713 [main] RWC001 - *** Select HVUTForm2290 ***
[INFO ] 2022-11-30 14:09:02.038 [main] RWC001 - *** Select LeaseContract ***
[INFO ] 2022-11-30 14:09:02.365 [main] RWC001 - *** Select TitleDocument ***
[INFO ] 2022-11-30 14:09:02.662 [main] RWC001 - *** Select PlateReturndoc ***
[INFO ] 2022-11-30 14:09:02.997 [main] RWC001 - *** Select AffidavitDoc ***
[INFO ] 2022-11-30 14:09:03.265 [main] RWC001 - *** Select PropertyTax ***
[INFO ] 2022-11-30 14:09:04.510 [main] RWC001 - *** Enter Comments ***
[INFO ] 2022-11-30 14:09:20.453 [main] RWC001 - Message in Amend Vehicle Screen IRPVEH004 : [I] Vehicle amended successfully.
[INFO ] 2022-11-30 14:09:20.863 [main] RWC001 - *** Enter Unit number ***
[INFO ] 2022-11-30 14:09:25.270 [main] RWC001 - *** Enter WeightGroupNo ***
[INFO ] 2022-11-30 14:09:30.583 [main] RWC001 - Message in Amend Vehicle Screennull
[INFO ] 2022-11-30 14:09:30.817 [main] RWC001 - *** Enter UnladenWeight ***
[INFO ] 2022-11-30 14:09:31.882 [main] RWC001 - *** Click TVR ***
[INFO ] 2022-11-30 14:09:32.234 [main] RWC001 - *** Select Safety Changedd ***
[INFO ] 2022-11-30 14:09:32.510 [main] RWC001 - *** Select HVUTForm2290 ***
[INFO ] 2022-11-30 14:09:32.823 [main] RWC001 - *** Select LeaseContract ***
[INFO ] 2022-11-30 14:09:33.149 [main] RWC001 - *** Select TitleDocument ***
[INFO ] 2022-11-30 14:09:33.473 [main] RWC001 - *** Select PlateReturndoc ***
[INFO ] 2022-11-30 14:09:33.765 [main] RWC001 - *** Select AffidavitDoc ***
[INFO ] 2022-11-30 14:09:34.045 [main] RWC001 - *** Select PropertyTax ***
[INFO ] 2022-11-30 14:09:35.268 [main] RWC001 - *** Enter Comments ***
[INFO ] 2022-11-30 14:09:45.001 [main] RWC001 - Message in Amend Vehicle Screen IRPVEH004 : [I] Vehicle amended successfully.
[INFO ] 2022-11-30 14:09:47.248 [main] RWC001 - IRPVEH450 : [W] Unit(s) [636, 656] have no plate assigned. If you continue a new plate will be assigned or select 'Update from Previous Year' button or amend the vehicle and check 'Use Existing Plate' option to not issue a new plate.
[INFO ] 2022-11-30 14:09:47.510 [main] RWC001 - IRPVEH450 : [W] Unit(s) [636, 656] have no plate assigned. If you continue a new plate will be assigned or select 'Update from Previous Year' button or amend the vehicle and check 'Use Existing Plate' option to not issue a new plate.
[INFO ] 2022-11-30 14:09:47.670 [main] RWC001 - Number of Vehicles to be Amended is greater than zero Hence about to click the Vehicle List
[INFO ] 2022-11-30 14:09:48.954 [main] RWC001 - *** Click VehicleList ***
[INFO ] 2022-11-30 14:09:49.268 [main] RWC001 - Cancelling the recently Amended Vehicle636
[INFO ] 2022-11-30 14:09:49.427 [main] RWC001 - *** Select Unit No ***
[INFO ] 2022-11-30 14:09:50.602 [main] RWC001 - *** Search Unit No ***
[INFO ] 2022-11-30 14:10:13.248 [main] RWC001 - Screen is in Vehicle Renewal Entry Screen
[INFO ] 2022-11-30 14:10:24.981 [main] RWC001 - IRPVEH450 : [W] Unit(s) [636, 656] have no plate assigned. If you continue a new plate will be assigned or select 'Update from Previous Year' button or amend the vehicle and check 'Use Existing Plate' option to not issue a new plate.
[INFO ] 2022-11-30 14:10:25.917 [main] RWC001 - *** Click TVR ***
[INFO ] 2022-11-30 14:10:26.323 [main] RWC001 - *** Installment Plan Check Box Status ***false
[INFO ] 2022-11-30 14:10:26.423 [main] RWC001 - *** Click Installement Plan ***
[INFO ] 2022-11-30 14:10:26.719 [main] RWC001 - *** Select Electronic DeliveryType ***
[INFO ] 2022-11-30 14:10:34.786 [main] RWC001 - *** Installment Plan Check Box Status ***true
[INFO ] 2022-11-30 14:10:34.977 [main] RWC001 - *** Enter ManualAdjBaseJur ***
[INFO ] 2022-11-30 14:10:37.022 [main] RWC001 - *** Click Recalculate ***
[INFO ] 2022-11-30 14:10:37.392 [main] RWC001 - Message in Biling ScreenIRPBILL09 : [E] Manual adj. reason is required.
[INFO ] 2022-11-30 14:10:38.547 [main] RWC001 - *** Enter ManualAdjReason Comments ***
[INFO ] 2022-11-30 14:10:42.948 [main] RWC001 - IRPBILL79 : [E] Please do recalculation.
[INFO ] 2022-11-30 14:10:43.009 [main] RWC001 - Late Filing Penalty Amount is Greater than zero - true
[ERROR] 2022-11-30 14:10:43.009 [main] RWC001 - Error in ReadExcelUtiljava.lang.NullPointerException: Cannot invoke "java.lang.Integer.intValue()" because the return value of "java.util.Map.get(Object)" is null
[INFO ] 2022-11-30 14:10:43.072 [main] RWC001 - Late pay Penalty Amount is Greater than zero - true
[INFO ] 2022-11-30 14:10:43.210 [main] RWC001 - *** Waived off for Grade Crossing Fee   with Reason O - Other ***
[INFO ] 2022-11-30 14:10:45.935 [main] RWC001 - *** Click Recalculate ***
[INFO ] 2022-11-30 14:10:46.284 [main] RWC001 - IRPBILL08 : [E] Fee Override reason required.
