[INFO ] 2022-11-30 14:13:56.112 [main] RWC001 - Opened Browser
[INFO ] 2022-11-30 14:14:03.201 [main] RWC001 - ****************************** Login to the application  *****************************************
[INFO ] 2022-11-30 14:14:03.602 [main] RWC001 - *** Enter Username ***
[INFO ] 2022-11-30 14:14:03.977 [main] RWC001 - *** Enter Password ***
[INFO ] 2022-11-30 14:14:06.294 [main] RWC001 - *** Click Login ***
[INFO ] 2022-11-30 14:14:21.136 [main] RWC001 - *** Click IRP ***
[INFO ] 2022-11-30 14:14:23.087 [main] RWC001 - *** Click RenewFleet ***
[INFO ] 2022-11-30 14:14:23.733 [main] RWC001 - *** Enter Account Number ***
[INFO ] 2022-11-30 14:14:24.151 [main] RWC001 - *** Enter FleetNo ***
[INFO ] 2022-11-30 14:14:24.522 [main] RWC001 - *** Click FleetYear ***
[INFO ] 2022-11-30 14:14:27.660 [main] RWC001 - IRPFLT143 : [W] Fleet information [USDOT No., TPID] in the system does not match with the MCE information.
[INFO ] 2022-11-30 14:14:36.176 [main] RWC001 - *** Check Email Notification ***
[INFO ] 2022-11-30 14:14:37.420 [main] RWC001 - *** Enter Comments ***
[INFO ] 2022-11-30 14:15:01.525 [main] RWC001 - GEN1292 : [I] USDOT No. has been updated based on the MCE information.
[INFO ] 2022-11-30 14:15:01.671 [main] RWC001 - Message in Fleet Screen IRPACC00 : [I] Renewal account has been generated.
[INFO ] 2022-11-30 14:15:01.946 [main] RWC001 - *** navigateToServiceProvider ***
[INFO ] 2022-11-30 14:15:02.300 [main] RWC001 - *** Click PowerofAttroney ***
[INFO ] 2022-11-30 14:15:02.766 [main] RWC001 - *** Entering the Emailid ***
[INFO ] 2022-11-30 14:15:02.957 [main] RWC001 - Date is retrieved
[INFO ] 2022-11-30 14:15:03.013 [main] RWC001 - *** Selecting the Expiration Date ***
[INFO ] 2022-11-30 14:15:03.329 [main] RWC001 - *** Selecting the IRPRequirementForm ***
[INFO ] 2022-11-30 14:15:03.636 [main] RWC001 - *** Selecting StatementofUnderstanding ***
[INFO ] 2022-11-30 14:15:03.946 [main] RWC001 - *** Selecting InstallmentAgreement ***
[INFO ] 2022-11-30 14:15:04.259 [main] RWC001 - *** Selecting PowerOfAttroney ***
[INFO ] 2022-11-30 14:15:04.590 [main] RWC001 - *** Selecting HVUTForm ***
[INFO ] 2022-11-30 14:15:04.889 [main] RWC001 - *** Selecting PropertyTax ***
[INFO ] 2022-11-30 14:15:06.117 [main] RWC001 - *** Enter Comments ***
[INFO ] 2022-11-30 14:15:55.504 [main] RWC001 - IRPFLT01 : [I] Renewal fleet has been generated.
[INFO ] 2022-11-30 14:15:55.547 [main] RWC001 - Message in Distance ScreenIRPFLT01 : [I] Renewal fleet has been generated.
[INFO ] 2022-11-30 14:15:55.854 [main] RWC001 - Message in Distance ScreenIRPFLT01 : [I] Renewal fleet has been generated.
[INFO ] 2022-11-30 14:15:56.922 [main] RWC001 - *** Enter Comments ***
[INFO ] 2022-11-30 14:16:07.275 [main] RWC001 - Weight Group headervaluesWEIGHT GROUP NO.
[INFO ] 2022-11-30 14:16:07.275 [main] RWC001 - Weight Group RowDatavalues1
[INFO ] 2022-11-30 14:16:07.337 [main] RWC001 - Weight Group headervaluesWEIGHT GROUP TYPE
[INFO ] 2022-11-30 14:16:07.337 [main] RWC001 - Weight Group RowDatavaluesP - POWER UNIT
[INFO ] 2022-11-30 14:16:07.384 [main] RWC001 - Weight Group headervaluesBASE JURISDICTION WEIGHT
[INFO ] 2022-11-30 14:16:07.384 [main] RWC001 - Weight Group RowDatavalues80000
[INFO ] 2022-11-30 14:16:07.447 [main] RWC001 - Weight Group headervaluesMAX GROSS WEIGHT
[INFO ] 2022-11-30 14:16:07.447 [main] RWC001 - Weight Group RowDatavalues80000
[INFO ] 2022-11-30 14:16:07.509 [main] RWC001 - Weight Group headervalues
[INFO ] 2022-11-30 14:16:07.509 [main] RWC001 - Weight Group RowDatavalues
[INFO ] 2022-11-30 14:16:07.571 [main] RWC001 - Weight Group headervaluesWEIGHT GROUP NO.
[INFO ] 2022-11-30 14:16:07.571 [main] RWC001 - Weight Group RowDatavalues2
[INFO ] 2022-11-30 14:16:07.634 [main] RWC001 - Weight Group headervaluesWEIGHT GROUP TYPE
[INFO ] 2022-11-30 14:16:07.634 [main] RWC001 - Weight Group RowDatavaluesP - POWER UNIT
[INFO ] 2022-11-30 14:16:07.696 [main] RWC001 - Weight Group headervaluesBASE JURISDICTION WEIGHT
[INFO ] 2022-11-30 14:16:07.696 [main] RWC001 - Weight Group RowDatavalues66000
[INFO ] 2022-11-30 14:16:07.759 [main] RWC001 - Weight Group headervaluesMAX GROSS WEIGHT
[INFO ] 2022-11-30 14:16:07.759 [main] RWC001 - Weight Group RowDatavalues66000
[INFO ] 2022-11-30 14:16:07.821 [main] RWC001 - Weight Group headervaluesJUR WITH DIFFERENT WEIGHTS
[INFO ] 2022-11-30 14:16:07.821 [main] RWC001 - Weight Group RowDatavalues
[INFO ] 2022-11-30 14:16:07.939 [main] RWC001 - IRPMLG13 : [I] Renewal Distance has been generated.
[INFO ] 2022-11-30 14:16:07.970 [main] RWC001 - Message in Weight Group ScreenIRPMLG13 : [I] Renewal Distance has been generated.
[INFO ] 2022-11-30 14:16:10.075 [main] RWC001 - *** Click AddweightGroup ***
[INFO ] 2022-11-30 14:16:10.956 [main] RWC001 - *** Select WeightGroupType ***
[INFO ] 2022-11-30 14:16:11.320 [main] RWC001 - *** Enter WeightGroup No ***
[INFO ] 2022-11-30 14:16:11.576 [main] RWC001 - *** Select MaxGross Weight ***
[INFO ] 2022-11-30 14:16:32.480 [main] RWC001 - Number of Vehicles to be Amended is greater than zero Hence about to click the Amend Vehicle Radio Button
[INFO ] 2022-11-30 14:16:32.582 [main] RWC001 - *** Click AmendVehicle RadioButton ***
[INFO ] 2022-11-30 14:16:37.097 [main] RWC001 - IRPVEH375 : [I] Please search the VIN first to process a vehicle.
[INFO ] 2022-11-30 14:16:37.188 [main] RWC001 - Message in Amend Vehicle ScreenIRPVEH375 : [I] Please search the VIN first to process a vehicle.
[INFO ] 2022-11-30 14:16:37.558 [main] RWC001 - *** Enter Unit number ***
[INFO ] 2022-11-30 14:16:42.188 [main] RWC001 - *** Enter WeightGroupNo ***
[INFO ] 2022-11-30 14:16:47.536 [main] RWC001 - Message in Amend Vehicle Screennull
[INFO ] 2022-11-30 14:16:47.791 [main] RWC001 - *** Enter UnladenWeight ***
[INFO ] 2022-11-30 14:16:48.936 [main] RWC001 - *** Click TVR ***
[INFO ] 2022-11-30 14:16:49.262 [main] RWC001 - *** Select Safety Changedd ***
[INFO ] 2022-11-30 14:16:49.525 [main] RWC001 - *** Select HVUTForm2290 ***
[INFO ] 2022-11-30 14:16:49.835 [main] RWC001 - *** Select LeaseContract ***
[INFO ] 2022-11-30 14:16:50.169 [main] RWC001 - *** Select TitleDocument ***
[INFO ] 2022-11-30 14:16:50.476 [main] RWC001 - *** Select PlateReturndoc ***
[INFO ] 2022-11-30 14:16:50.791 [main] RWC001 - *** Select AffidavitDoc ***
[INFO ] 2022-11-30 14:16:51.085 [main] RWC001 - *** Select PropertyTax ***
[INFO ] 2022-11-30 14:16:52.335 [main] RWC001 - *** Enter Comments ***
[INFO ] 2022-11-30 14:17:00.657 [main] RWC001 - Message in Amend Vehicle Screen IRPVEH004 : [I] Vehicle amended successfully.
[INFO ] 2022-11-30 14:17:01.014 [main] RWC001 - *** Enter Unit number ***
[INFO ] 2022-11-30 14:17:06.668 [main] RWC001 - *** Enter WeightGroupNo ***
[INFO ] 2022-11-30 14:17:11.937 [main] RWC001 - Message in Amend Vehicle Screennull
[INFO ] 2022-11-30 14:17:12.189 [main] RWC001 - *** Enter UnladenWeight ***
[INFO ] 2022-11-30 14:17:13.307 [main] RWC001 - *** Click TVR ***
[INFO ] 2022-11-30 14:17:13.646 [main] RWC001 - *** Select Safety Changedd ***
[INFO ] 2022-11-30 14:17:13.932 [main] RWC001 - *** Select HVUTForm2290 ***
[INFO ] 2022-11-30 14:17:14.229 [main] RWC001 - *** Select LeaseContract ***
[INFO ] 2022-11-30 14:17:14.547 [main] RWC001 - *** Select TitleDocument ***
[INFO ] 2022-11-30 14:17:14.836 [main] RWC001 - *** Select PlateReturndoc ***
[INFO ] 2022-11-30 14:17:15.126 [main] RWC001 - *** Select AffidavitDoc ***
[INFO ] 2022-11-30 14:17:15.374 [main] RWC001 - *** Select PropertyTax ***
[INFO ] 2022-11-30 14:17:16.662 [main] RWC001 - *** Enter Comments ***
[INFO ] 2022-11-30 14:17:27.121 [main] RWC001 - Message in Amend Vehicle Screen IRPVEH004 : [I] Vehicle amended successfully.
[INFO ] 2022-11-30 14:17:29.392 [main] RWC001 - IRPVEH450 : [W] Unit(s) [636, 656] have no plate assigned. If you continue a new plate will be assigned or select 'Update from Previous Year' button or amend the vehicle and check 'Use Existing Plate' option to not issue a new plate.
[INFO ] 2022-11-30 14:17:29.647 [main] RWC001 - IRPVEH450 : [W] Unit(s) [636, 656] have no plate assigned. If you continue a new plate will be assigned or select 'Update from Previous Year' button or amend the vehicle and check 'Use Existing Plate' option to not issue a new plate.
[INFO ] 2022-11-30 14:17:29.818 [main] RWC001 - Number of Vehicles to be Amended is greater than zero Hence about to click the Vehicle List
[INFO ] 2022-11-30 14:17:30.973 [main] RWC001 - *** Click VehicleList ***
[INFO ] 2022-11-30 14:17:31.274 [main] RWC001 - Cancelling the recently Amended Vehicle636
[INFO ] 2022-11-30 14:17:31.413 [main] RWC001 - *** Select Unit No ***
[INFO ] 2022-11-30 14:17:32.630 [main] RWC001 - *** Search Unit No ***
[INFO ] 2022-11-30 14:17:51.974 [main] RWC001 - Screen is in Vehicle Renewal Entry Screen
[INFO ] 2022-11-30 14:18:02.667 [main] RWC001 - IRPVEH450 : [W] Unit(s) [636, 656] have no plate assigned. If you continue a new plate will be assigned or select 'Update from Previous Year' button or amend the vehicle and check 'Use Existing Plate' option to not issue a new plate.
[INFO ] 2022-11-30 14:18:03.537 [main] RWC001 - *** Click TVR ***
[INFO ] 2022-11-30 14:18:03.872 [main] RWC001 - *** Installment Plan Check Box Status ***false
[INFO ] 2022-11-30 14:18:03.961 [main] RWC001 - *** Click Installement Plan ***
[INFO ] 2022-11-30 14:18:04.272 [main] RWC001 - *** Select Electronic DeliveryType ***
[INFO ] 2022-11-30 14:18:12.136 [main] RWC001 - *** Installment Plan Check Box Status ***true
[INFO ] 2022-11-30 14:18:12.323 [main] RWC001 - *** Enter ManualAdjBaseJur ***
[INFO ] 2022-11-30 14:18:15.708 [main] RWC001 - *** Click Recalculate ***
[INFO ] 2022-11-30 14:18:16.077 [main] RWC001 - Message in Biling ScreenIRPBILL09 : [E] Manual adj. reason is required.
[INFO ] 2022-11-30 14:18:17.177 [main] RWC001 - *** Enter ManualAdjReason Comments ***
[INFO ] 2022-11-30 14:18:21.074 [main] RWC001 - IRPBILL79 : [E] Please do recalculation.
[INFO ] 2022-11-30 14:18:21.140 [main] RWC001 - Late Filing Penalty Amount is Greater than zero - true
[ERROR] 2022-11-30 14:18:21.141 [main] RWC001 - Error in ReadExcelUtiljava.lang.NullPointerException: Cannot invoke "java.lang.Integer.intValue()" because the return value of "java.util.Map.get(Object)" is null
[INFO ] 2022-11-30 14:18:21.207 [main] RWC001 - Late pay Penalty Amount is Greater than zero - true
[INFO ] 2022-11-30 14:18:21.334 [main] RWC001 - *** Waived off for Grade Crossing Fee   with Reason O - Other ***
[INFO ] 2022-11-30 14:18:23.944 [main] RWC001 - *** Click Recalculate ***
[INFO ] 2022-11-30 14:18:24.291 [main] RWC001 - IRPBILL08 : [E] Fee Override reason required.
[INFO ] 2022-11-30 14:18:28.625 [main] RWC001 - *** Enter FeeOverrideReason Comments ***
[INFO ] 2022-11-30 14:18:45.323 [main] RWC001 - fileLocationC:\Users\HP\Downloads\celtic-main(3)\celtic-main\src\test\resources\downloads\RWC001\
[INFO ] 2022-11-30 14:19:06.253 [main] RWC001 - GEN24 : [I] Invoice report generated successfully.
[INFO ] 2022-11-30 14:19:06.347 [main] RWC001 - Message in Payment ScreenGEN24 : [I] Invoice report generated successfully.
[INFO ] 2022-11-30 14:19:06.657 [main] RWC001 - Message in Payment ScreenIRPREP28 : [I] Billing completed successfully.
[INFO ] 2022-11-30 14:19:07.008 [main] RWC001 - Message in Payment ScreenGEN1239 : [I] TVR generated successfully.
[INFO ] 2022-11-30 14:19:07.266 [main] RWC001 - ***Select Delivery type***
[INFO ] 2022-11-30 14:19:12.432 [main] RWC001 - ***Click Add to Cart**
[INFO ] 2022-11-30 14:19:12.500 [main] RWC001 - IRPPAY53 : [I] Transaction is added to cart - 4483 successfully.
[INFO ] 2022-11-30 14:19:12.917 [main] RWC001 - ***Click Supplement continue***
[INFO ] 2022-11-30 14:19:31.081 [main] RWC001 - GENPAY01 : [E] This transaction already exists in the cart.
[INFO ] 2022-11-30 14:19:31.169 [main] RWC001 - Message in Fleet ScreenGENPAY01 : [E] This transaction already exists in the cart.
[INFO ] 2022-11-30 14:19:31.545 [main] RWC001 - GENPAY01 : [E] This transaction already exists in the cart.
[INFO ] 2022-11-30 14:19:34.454 [main] RWC001 - ***Verify Cart***
[INFO ] 2022-11-30 14:19:36.754 [main] RWC001 - ***Click Paynow***
[INFO ] 2022-11-30 14:19:41.466 [main] RWC001 - no.of rows present is:1
[INFO ] 2022-11-30 14:19:42.170 [main] RWC001 - ***Payment Type***
[INFO ] 2022-11-30 14:19:42.508 [main] RWC001 - ***Payment Number based on Payment Type***
[INFO ] 2022-11-30 14:19:42.683 [main] RWC001 - totalAmount is 2029.76
[INFO ] 2022-11-30 14:19:42.809 [main] RWC001 - ***Payment Amount based on Payment Type***
[INFO ] 2022-11-30 14:19:42.971 [main] RWC001 - no.of rows present is:2
[INFO ] 2022-11-30 14:19:43.675 [main] RWC001 - ***Payment Type***
[INFO ] 2022-11-30 14:19:44.049 [main] RWC001 - ***Payment Number based on Payment Type***
[INFO ] 2022-11-30 14:19:44.220 [main] RWC001 - totalAmount is 2029.76
[INFO ] 2022-11-30 14:19:44.422 [main] RWC001 - ***Payment Amount based on Payment Type***
[INFO ] 2022-11-30 14:19:44.571 [main] RWC001 - no.of rows present is:3
[INFO ] 2022-11-30 14:19:44.658 [main] RWC001 - ***Payment Type***
[INFO ] 2022-11-30 14:19:44.965 [main] RWC001 - ***Payment Number based on Payment Type***
[INFO ] 2022-11-30 14:19:45.137 [main] RWC001 - totalAmount is 2029.76
[INFO ] 2022-11-30 14:19:45.214 [main] RWC001 - Remaining balance is:676.58
[INFO ] 2022-11-30 14:19:45.371 [main] RWC001 - ***Payment Amount based on Payment Type***
[INFO ] 2022-11-30 14:19:45.674 [main] RWC001 - ***Enter Payment type and amount***
[INFO ] 2022-11-30 14:19:56.685 [main] RWC001 - VIN: 8JYXX99XXYJ858221, UnitNo: 636, Reason:IRPCRED2 : [E] PWR [6000] Type plate is not available for User: internaluser, Office Location: HQ.
[INFO ] 2022-11-30 14:19:58.880 [main] RWC001 - fileLocationC:\Users\HP\Downloads\celtic-main(3)\celtic-main\src\test\resources\downloads\RWC001\
[INFO ] 2022-11-30 14:20:12.458 [main] RWC001 - Message in Payment Screen null
[INFO ] 2022-11-30 14:20:12.791 [main] RWC001 - Message in Payment Screen null
[INFO ] 2022-11-30 14:20:13.134 [main] RWC001 - Installment Payment is required to do
