[INFO ] 2022-11-29 21:31:21.373 [main] RWC001 - Opened Browser
[INFO ] 2022-11-29 21:31:57.973 [main] RWC001 - ****************************** Login to the application  *****************************************
[INFO ] 2022-11-29 21:31:58.535 [main] RWC001 - *** Enter Username ***
[INFO ] 2022-11-29 21:31:59.012 [main] RWC001 - *** Enter Password ***
[INFO ] 2022-11-29 21:32:01.445 [main] RWC001 - *** Click Login ***
[INFO ] 2022-11-29 21:33:01.532 [main] RWC001 - *** Click IRP ***
[INFO ] 2022-11-29 21:33:03.374 [main] RWC001 - *** Click RenewFleet ***
[INFO ] 2022-11-29 21:33:04.213 [main] RWC001 - *** Enter Account Number ***
[INFO ] 2022-11-29 21:33:04.651 [main] RWC001 - *** Enter FleetNo ***
[INFO ] 2022-11-29 21:33:05.089 [main] RWC001 - *** Click FleetYear ***
[INFO ] 2022-11-29 21:33:10.044 [main] RWC001 - IRPFLT143 : [W] Fleet information [USDOT No., TPID] in the system does not match with the MCE information.
[INFO ] 2022-11-29 21:33:21.625 [main] RWC001 - *** Check Email Notification ***
[INFO ] 2022-11-29 21:33:22.818 [main] RWC001 - *** Enter Comments ***
[INFO ] 2022-11-29 21:33:53.767 [main] RWC001 - GEN1292 : [I] USDOT No. has been updated based on the MCE information.
[INFO ] 2022-11-29 21:33:53.952 [main] RWC001 - Message in Fleet Screen IRPACC00 : [I] Renewal account has been generated.
[INFO ] 2022-11-29 21:33:54.282 [main] RWC001 - *** navigateToServiceProvider ***
[INFO ] 2022-11-29 21:33:54.709 [main] RWC001 - *** Click PowerofAttroney ***
[INFO ] 2022-11-29 21:33:55.281 [main] RWC001 - *** Entering the Emailid ***
[INFO ] 2022-11-29 21:33:55.520 [main] RWC001 - Date is retrieved
[INFO ] 2022-11-29 21:33:55.584 [main] RWC001 - *** Selecting the Expiration Date ***
[INFO ] 2022-11-29 21:33:55.980 [main] RWC001 - *** Selecting the IRPRequirementForm ***
[INFO ] 2022-11-29 21:33:56.369 [main] RWC001 - *** Selecting StatementofUnderstanding ***
[INFO ] 2022-11-29 21:33:56.719 [main] RWC001 - *** Selecting InstallmentAgreement ***
[INFO ] 2022-11-29 21:33:57.060 [main] RWC001 - *** Selecting PowerOfAttroney ***
[INFO ] 2022-11-29 21:33:57.403 [main] RWC001 - *** Selecting HVUTForm ***
[INFO ] 2022-11-29 21:33:57.746 [main] RWC001 - *** Selecting PropertyTax ***
[INFO ] 2022-11-29 21:33:59.202 [main] RWC001 - *** Enter Comments ***
[INFO ] 2022-11-29 21:35:04.488 [main] RWC001 - IRPFLT01 : [I] Renewal fleet has been generated.
[INFO ] 2022-11-29 21:35:04.556 [main] RWC001 - Message in Distance ScreenIRPFLT01 : [I] Renewal fleet has been generated.
[INFO ] 2022-11-29 21:35:04.995 [main] RWC001 - Message in Distance ScreenIRPFLT01 : [I] Renewal fleet has been generated.
[INFO ] 2022-11-29 21:35:06.062 [main] RWC001 - *** Enter Comments ***
[INFO ] 2022-11-29 21:35:16.624 [main] RWC001 - Weight Group headervaluesWEIGHT GROUP NO.
[INFO ] 2022-11-29 21:35:16.624 [main] RWC001 - Weight Group RowDatavalues1
[INFO ] 2022-11-29 21:35:16.701 [main] RWC001 - Weight Group headervaluesWEIGHT GROUP TYPE
[INFO ] 2022-11-29 21:35:16.701 [main] RWC001 - Weight Group RowDatavaluesP - POWER UNIT
[INFO ] 2022-11-29 21:35:16.748 [main] RWC001 - Weight Group headervaluesBASE JURISDICTION WEIGHT
[INFO ] 2022-11-29 21:35:16.748 [main] RWC001 - Weight Group RowDatavalues80000
[INFO ] 2022-11-29 21:35:16.797 [main] RWC001 - Weight Group headervaluesMAX GROSS WEIGHT
[INFO ] 2022-11-29 21:35:16.797 [main] RWC001 - Weight Group RowDatavalues80000
[INFO ] 2022-11-29 21:35:16.841 [main] RWC001 - Weight Group headervalues
[INFO ] 2022-11-29 21:35:16.841 [main] RWC001 - Weight Group RowDatavalues
[INFO ] 2022-11-29 21:35:16.918 [main] RWC001 - Weight Group headervaluesWEIGHT GROUP NO.
[INFO ] 2022-11-29 21:35:16.919 [main] RWC001 - Weight Group RowDatavalues2
[INFO ] 2022-11-29 21:35:16.976 [main] RWC001 - Weight Group headervaluesWEIGHT GROUP TYPE
[INFO ] 2022-11-29 21:35:16.976 [main] RWC001 - Weight Group RowDatavaluesP - POWER UNIT
[INFO ] 2022-11-29 21:35:17.025 [main] RWC001 - Weight Group headervaluesBASE JURISDICTION WEIGHT
[INFO ] 2022-11-29 21:35:17.025 [main] RWC001 - Weight Group RowDatavalues66000
[INFO ] 2022-11-29 21:35:17.089 [main] RWC001 - Weight Group headervaluesMAX GROSS WEIGHT
[INFO ] 2022-11-29 21:35:17.089 [main] RWC001 - Weight Group RowDatavalues66000
[INFO ] 2022-11-29 21:35:17.156 [main] RWC001 - Weight Group headervaluesJUR WITH DIFFERENT WEIGHTS
[INFO ] 2022-11-29 21:35:17.156 [main] RWC001 - Weight Group RowDatavalues
[INFO ] 2022-11-29 21:35:17.291 [main] RWC001 - IRPMLG13 : [I] Renewal Distance has been generated.
[INFO ] 2022-11-29 21:35:17.348 [main] RWC001 - Message in Weight Group ScreenIRPMLG13 : [I] Renewal Distance has been generated.
[INFO ] 2022-11-29 21:35:19.984 [main] RWC001 - *** Click AddweightGroup ***
[INFO ] 2022-11-29 21:35:20.362 [main] RWC001 - *** Select WeightGroupType ***
[INFO ] 2022-11-29 21:35:20.799 [main] RWC001 - *** Enter WeightGroup No ***
[INFO ] 2022-11-29 21:35:21.102 [main] RWC001 - *** Select MaxGross Weight ***
